CRITICAL - 2024-02-02 09:00:54 --> Invalid file: barang/create.php
#0 D:\kasir\system\View\View.php(198): CodeIgniter\Exceptions\FrameworkException::forInvalidFile('barang/create.p...')
#1 D:\kasir\system\Common.php(1089): CodeIgniter\View\View->render('barang/create', Array, true)
#2 D:\kasir\app\Controllers\barang.php(34): view('barang/create', Array)
#3 D:\kasir\system\CodeIgniter.php(832): App\Controllers\barang->create()
#4 D:\kasir\system\CodeIgniter.php(419): CodeIgniter\CodeIgniter->runController(Object(App\Controllers\barang))
#5 D:\kasir\system\CodeIgniter.php(326): CodeIgniter\CodeIgniter->handleRequest(NULL, Object(Config\Cache), false)
#6 D:\kasir\public\index.php(37): CodeIgniter\CodeIgniter->run()
#7 D:\kasir\system\Commands\Server\rewrite.php(43): require_once('D:\\kasir\\public...')
#8 {main}
CRITICAL - 2024-02-02 09:26:30 --> Call to a member function isValid() on null
#0 D:\kasir\system\CodeIgniter.php(832): App\Controllers\barang->aksi_edit()
#1 D:\kasir\system\CodeIgniter.php(419): CodeIgniter\CodeIgniter->runController(Object(App\Controllers\barang))
#2 D:\kasir\system\CodeIgniter.php(326): CodeIgniter\CodeIgniter->handleRequest(NULL, Object(Config\Cache), false)
#3 D:\kasir\public\index.php(37): CodeIgniter\CodeIgniter->run()
#4 D:\kasir\system\Commands\Server\rewrite.php(43): require_once('D:\\kasir\\public...')
#5 {main}
CRITICAL - 2024-02-02 09:54:37 --> Cannot redeclare App\Models\M_masuk::join2()
#0 [internal function]: CodeIgniter\Debug\Exceptions->shutdownHandler()
#1 {main}
CRITICAL - 2024-02-02 09:54:52 --> Cannot redeclare App\Models\M_masuk::join2()
#0 [internal function]: CodeIgniter\Debug\Exceptions->shutdownHandler()
#1 {main}
CRITICAL - 2024-02-02 09:55:07 --> Too few arguments to function App\Models\M_masuk::join3(), 4 passed in D:\kasir\app\Controllers\barang_masuk.php on line 15 and exactly 6 expected
#0 D:\kasir\app\Controllers\barang_masuk.php(15): App\Models\M_masuk->join3('masuk', 'barang', 'user', 'masuk.id_barang...')
#1 D:\kasir\system\CodeIgniter.php(832): App\Controllers\barang_masuk->index()
#2 D:\kasir\system\CodeIgniter.php(419): CodeIgniter\CodeIgniter->runController(Object(App\Controllers\barang_masuk))
#3 D:\kasir\system\CodeIgniter.php(326): CodeIgniter\CodeIgniter->handleRequest(NULL, Object(Config\Cache), false)
#4 D:\kasir\public\index.php(37): CodeIgniter\CodeIgniter->run()
#5 D:\kasir\system\Commands\Server\rewrite.php(43): require_once('D:\\kasir\\public...')
#6 {main}
CRITICAL - 2024-02-02 09:55:17 --> Too few arguments to function App\Models\M_masuk::join3(), 4 passed in D:\kasir\app\Controllers\barang_masuk.php on line 15 and exactly 5 expected
#0 D:\kasir\app\Controllers\barang_masuk.php(15): App\Models\M_masuk->join3('masuk', 'barang', 'user', 'masuk.id_barang...')
#1 D:\kasir\system\CodeIgniter.php(832): App\Controllers\barang_masuk->index()
#2 D:\kasir\system\CodeIgniter.php(419): CodeIgniter\CodeIgniter->runController(Object(App\Controllers\barang_masuk))
#3 D:\kasir\system\CodeIgniter.php(326): CodeIgniter\CodeIgniter->handleRequest(NULL, Object(Config\Cache), false)
#4 D:\kasir\public\index.php(37): CodeIgniter\CodeIgniter->run()
#5 D:\kasir\system\Commands\Server\rewrite.php(43): require_once('D:\\kasir\\public...')
#6 {main}
CRITICAL - 2024-02-02 09:55:59 --> Too few arguments to function App\Models\M_masuk::join3(), 4 passed in D:\kasir\app\Controllers\barang_masuk.php on line 15 and exactly 5 expected
#0 D:\kasir\app\Controllers\barang_masuk.php(15): App\Models\M_masuk->join3('masuk', 'barang', 'user', 'masuk.id_barang...')
#1 D:\kasir\system\CodeIgniter.php(832): App\Controllers\barang_masuk->index()
#2 D:\kasir\system\CodeIgniter.php(419): CodeIgniter\CodeIgniter->runController(Object(App\Controllers\barang_masuk))
#3 D:\kasir\system\CodeIgniter.php(326): CodeIgniter\CodeIgniter->handleRequest(NULL, Object(Config\Cache), false)
#4 D:\kasir\public\index.php(37): CodeIgniter\CodeIgniter->run()
#5 D:\kasir\system\Commands\Server\rewrite.php(43): require_once('D:\\kasir\\public...')
#6 {main}
CRITICAL - 2024-02-02 09:56:29 --> Call to undefined method CodeIgniter\Database\MySQLi\Builder::getResult()
#0 D:\kasir\app\Controllers\barang_masuk.php(15): App\Models\M_masuk->join3('masuk', 'barang', 'user', 'masuk.id_barang...', 'masuk.id_user=u...')
#1 D:\kasir\system\CodeIgniter.php(832): App\Controllers\barang_masuk->index()
#2 D:\kasir\system\CodeIgniter.php(419): CodeIgniter\CodeIgniter->runController(Object(App\Controllers\barang_masuk))
#3 D:\kasir\system\CodeIgniter.php(326): CodeIgniter\CodeIgniter->handleRequest(NULL, Object(Config\Cache), false)
#4 D:\kasir\public\index.php(37): CodeIgniter\CodeIgniter->run()
#5 D:\kasir\system\Commands\Server\rewrite.php(43): require_once('D:\\kasir\\public...')
#6 {main}
ERROR - 2024-02-02 09:56:59 --> Column 'created_at' in order clause is ambiguous
CRITICAL - 2024-02-02 09:56:59 --> Call to a member function getResult() on bool
#0 D:\kasir\app\Controllers\barang_masuk.php(15): App\Models\M_masuk->join3('masuk', 'barang', 'user', 'masuk.id_barang...', 'masuk.id_user=u...')
#1 D:\kasir\system\CodeIgniter.php(832): App\Controllers\barang_masuk->index()
#2 D:\kasir\system\CodeIgniter.php(419): CodeIgniter\CodeIgniter->runController(Object(App\Controllers\barang_masuk))
#3 D:\kasir\system\CodeIgniter.php(326): CodeIgniter\CodeIgniter->handleRequest(NULL, Object(Config\Cache), false)
#4 D:\kasir\public\index.php(37): CodeIgniter\CodeIgniter->run()
#5 D:\kasir\system\Commands\Server\rewrite.php(43): require_once('D:\\kasir\\public...')
#6 {main}
ERROR - 2024-02-02 09:57:29 --> Column 'created_at' in order clause is ambiguous
CRITICAL - 2024-02-02 09:57:29 --> Call to a member function getResult() on bool
#0 D:\kasir\app\Controllers\barang_masuk.php(15): App\Models\M_masuk->join3('masuk', 'barang', 'user', 'masuk.id_barang...', 'masuk.id_user=u...')
#1 D:\kasir\system\CodeIgniter.php(832): App\Controllers\barang_masuk->index()
#2 D:\kasir\system\CodeIgniter.php(419): CodeIgniter\CodeIgniter->runController(Object(App\Controllers\barang_masuk))
#3 D:\kasir\system\CodeIgniter.php(326): CodeIgniter\CodeIgniter->handleRequest(NULL, Object(Config\Cache), false)
#4 D:\kasir\public\index.php(37): CodeIgniter\CodeIgniter->run()
#5 D:\kasir\system\Commands\Server\rewrite.php(43): require_once('D:\\kasir\\public...')
#6 {main}
ERROR - 2024-02-02 09:57:48 --> Column 'created_at' in order clause is ambiguous
CRITICAL - 2024-02-02 09:57:48 --> Call to a member function getResult() on bool
#0 D:\kasir\app\Controllers\barang_masuk.php(15): App\Models\M_masuk->join3('masuk', 'barang', 'user', 'masuk.id_barang...', 'masuk.id_user=u...')
#1 D:\kasir\system\CodeIgniter.php(832): App\Controllers\barang_masuk->index()
#2 D:\kasir\system\CodeIgniter.php(419): CodeIgniter\CodeIgniter->runController(Object(App\Controllers\barang_masuk))
#3 D:\kasir\system\CodeIgniter.php(326): CodeIgniter\CodeIgniter->handleRequest(NULL, Object(Config\Cache), false)
#4 D:\kasir\public\index.php(37): CodeIgniter\CodeIgniter->run()
#5 D:\kasir\system\Commands\Server\rewrite.php(43): require_once('D:\\kasir\\public...')
#6 {main}
ERROR - 2024-02-02 09:58:01 --> Column 'created_at' in order clause is ambiguous
CRITICAL - 2024-02-02 09:58:01 --> Call to a member function getResultArray() on bool
#0 D:\kasir\app\Controllers\barang_masuk.php(15): App\Models\M_masuk->join3('masuk', 'barang', 'user', 'masuk.id_barang...', 'masuk.id_user=u...')
#1 D:\kasir\system\CodeIgniter.php(832): App\Controllers\barang_masuk->index()
#2 D:\kasir\system\CodeIgniter.php(419): CodeIgniter\CodeIgniter->runController(Object(App\Controllers\barang_masuk))
#3 D:\kasir\system\CodeIgniter.php(326): CodeIgniter\CodeIgniter->handleRequest(NULL, Object(Config\Cache), false)
#4 D:\kasir\public\index.php(37): CodeIgniter\CodeIgniter->run()
#5 D:\kasir\system\Commands\Server\rewrite.php(43): require_once('D:\\kasir\\public...')
#6 {main}
ERROR - 2024-02-02 09:58:36 --> Column 'created_at' in order clause is ambiguous
CRITICAL - 2024-02-02 09:58:36 --> Call to a member function getResult() on bool
#0 D:\kasir\app\Controllers\barang_masuk.php(15): App\Models\M_masuk->join3('masuk', 'barang', 'user', 'masuk.id_barang...', 'masuk.id_user=u...')
#1 D:\kasir\system\CodeIgniter.php(832): App\Controllers\barang_masuk->index()
#2 D:\kasir\system\CodeIgniter.php(419): CodeIgniter\CodeIgniter->runController(Object(App\Controllers\barang_masuk))
#3 D:\kasir\system\CodeIgniter.php(326): CodeIgniter\CodeIgniter->handleRequest(NULL, Object(Config\Cache), false)
#4 D:\kasir\public\index.php(37): CodeIgniter\CodeIgniter->run()
#5 D:\kasir\system\Commands\Server\rewrite.php(43): require_once('D:\\kasir\\public...')
#6 {main}
ERROR - 2024-02-02 10:01:39 --> Column 'created_at' in order clause is ambiguous
CRITICAL - 2024-02-02 10:01:39 --> Call to a member function getResult() on bool
#0 D:\kasir\app\Controllers\barang_masuk.php(15): App\Models\M_masuk->join3('masuk', 'barang', 'user', 'masuk.id_barang...', 'masuk.id_user=u...')
#1 D:\kasir\system\CodeIgniter.php(832): App\Controllers\barang_masuk->index()
#2 D:\kasir\system\CodeIgniter.php(419): CodeIgniter\CodeIgniter->runController(Object(App\Controllers\barang_masuk))
#3 D:\kasir\system\CodeIgniter.php(326): CodeIgniter\CodeIgniter->handleRequest(NULL, Object(Config\Cache), false)
#4 D:\kasir\public\index.php(37): CodeIgniter\CodeIgniter->run()
#5 D:\kasir\system\Commands\Server\rewrite.php(43): require_once('D:\\kasir\\public...')
#6 {main}
ERROR - 2024-02-02 10:02:17 --> Column 'created_at' in order clause is ambiguous
CRITICAL - 2024-02-02 10:02:17 --> Call to a member function getResult() on bool
#0 D:\kasir\app\Controllers\barang_masuk.php(15): App\Models\M_masuk->join3('masuk', 'barang', 'user', 'masuk.id_barang...', 'masuk.id_user=u...')
#1 D:\kasir\system\CodeIgniter.php(832): App\Controllers\barang_masuk->index()
#2 D:\kasir\system\CodeIgniter.php(419): CodeIgniter\CodeIgniter->runController(Object(App\Controllers\barang_masuk))
#3 D:\kasir\system\CodeIgniter.php(326): CodeIgniter\CodeIgniter->handleRequest(NULL, Object(Config\Cache), false)
#4 D:\kasir\public\index.php(37): CodeIgniter\CodeIgniter->run()
#5 D:\kasir\system\Commands\Server\rewrite.php(43): require_once('D:\\kasir\\public...')
#6 {main}
CRITICAL - 2024-02-02 10:32:51 --> Too few arguments to function App\Models\M_masuk::insertt(), 1 passed in D:\kasir\app\Controllers\barang_masuk.php on line 47 and exactly 2 expected
#0 D:\kasir\app\Controllers\barang_masuk.php(47): App\Models\M_masuk->insertt(Array)
#1 D:\kasir\system\CodeIgniter.php(832): App\Controllers\barang_masuk->aksi_create()
#2 D:\kasir\system\CodeIgniter.php(419): CodeIgniter\CodeIgniter->runController(Object(App\Controllers\barang_masuk))
#3 D:\kasir\system\CodeIgniter.php(326): CodeIgniter\CodeIgniter->handleRequest(NULL, Object(Config\Cache), false)
#4 D:\kasir\public\index.php(37): CodeIgniter\CodeIgniter->run()
#5 D:\kasir\system\Commands\Server\rewrite.php(43): require_once('D:\\kasir\\public...')
#6 {main}
CRITICAL - 2024-02-02 10:41:02 --> Invalid file: baWrang/view.php
#0 D:\kasir\system\View\View.php(198): CodeIgniter\Exceptions\FrameworkException::forInvalidFile('baWrang/view.ph...')
#1 D:\kasir\system\Common.php(1089): CodeIgniter\View\View->render('baWrang/view', Array, true)
#2 D:\kasir\app\Controllers\barang.php(19): view('baWrang/view', Array)
#3 D:\kasir\system\CodeIgniter.php(832): App\Controllers\barang->index()
#4 D:\kasir\system\CodeIgniter.php(419): CodeIgniter\CodeIgniter->runController(Object(App\Controllers\barang))
#5 D:\kasir\system\CodeIgniter.php(326): CodeIgniter\CodeIgniter->handleRequest(NULL, Object(Config\Cache), false)
#6 D:\kasir\public\index.php(37): CodeIgniter\CodeIgniter->run()
#7 D:\kasir\system\Commands\Server\rewrite.php(43): require_once('D:\\kasir\\public...')
#8 {main}
ERROR - 2024-02-02 22:51:01 --> Unknown column 'masuk.id_user' in 'on clause'
CRITICAL - 2024-02-02 22:51:01 --> Call to a member function getResult() on bool
#0 D:\kasir\app\Controllers\Penjualan.php(16): App\Models\M_model->join2('penjualan', 'user', 'masuk.id_user=u...')
#1 D:\kasir\system\CodeIgniter.php(832): App\Controllers\Penjualan->index()
#2 D:\kasir\system\CodeIgniter.php(419): CodeIgniter\CodeIgniter->runController(Object(App\Controllers\Penjualan))
#3 D:\kasir\system\CodeIgniter.php(326): CodeIgniter\CodeIgniter->handleRequest(NULL, Object(Config\Cache), false)
#4 D:\kasir\public\index.php(37): CodeIgniter\CodeIgniter->run()
#5 D:\kasir\system\Commands\Server\rewrite.php(43): require_once('D:\\kasir\\public...')
#6 {main}
ERROR - 2024-02-02 22:51:22 --> Unknown column 'masuk.id_user' in 'on clause'
CRITICAL - 2024-02-02 22:51:22 --> Call to a member function getResult() on bool
#0 D:\kasir\app\Controllers\Penjualan.php(16): App\Models\M_model->join2('penjualan', 'user', 'masuk.id_user=u...')
#1 D:\kasir\system\CodeIgniter.php(832): App\Controllers\Penjualan->index()
#2 D:\kasir\system\CodeIgniter.php(419): CodeIgniter\CodeIgniter->runController(Object(App\Controllers\Penjualan))
#3 D:\kasir\system\CodeIgniter.php(326): CodeIgniter\CodeIgniter->handleRequest(NULL, Object(Config\Cache), false)
#4 D:\kasir\public\index.php(37): CodeIgniter\CodeIgniter->run()
#5 D:\kasir\system\Commands\Server\rewrite.php(43): require_once('D:\\kasir\\public...')
#6 {main}
ERROR - 2024-02-02 22:52:04 --> Unknown column 'masuk.id_user' in 'on clause'
CRITICAL - 2024-02-02 22:52:04 --> Call to a member function getResult() on bool
#0 D:\kasir\app\Controllers\Penjualan.php(16): App\Models\M_model->join2('penjualan', 'user', 'masuk.id_user=u...')
#1 D:\kasir\system\CodeIgniter.php(832): App\Controllers\Penjualan->index()
#2 D:\kasir\system\CodeIgniter.php(419): CodeIgniter\CodeIgniter->runController(Object(App\Controllers\Penjualan))
#3 D:\kasir\system\CodeIgniter.php(326): CodeIgniter\CodeIgniter->handleRequest(NULL, Object(Config\Cache), false)
#4 D:\kasir\public\index.php(37): CodeIgniter\CodeIgniter->run()
#5 D:\kasir\system\Commands\Server\rewrite.php(43): require_once('D:\\kasir\\public...')
#6 {main}
CRITICAL - 2024-02-02 23:57:53 --> Cannot use App\Models\PenjualanModel as PenjualanModel because the name is already in use
#0 [internal function]: CodeIgniter\Debug\Exceptions->shutdownHandler()
#1 {main}
CRITICAL - 2024-02-02 23:58:05 --> Too few arguments to function App\Controllers\Penjualan::add(), 0 passed in D:\kasir\system\CodeIgniter.php on line 832 and exactly 1 expected
#0 D:\kasir\system\CodeIgniter.php(832): App\Controllers\Penjualan->add()
#1 D:\kasir\system\CodeIgniter.php(419): CodeIgniter\CodeIgniter->runController(Object(App\Controllers\Penjualan))
#2 D:\kasir\system\CodeIgniter.php(326): CodeIgniter\CodeIgniter->handleRequest(NULL, Object(Config\Cache), false)
#3 D:\kasir\public\index.php(37): CodeIgniter\CodeIgniter->run()
#4 D:\kasir\system\Commands\Server\rewrite.php(43): require_once('D:\\kasir\\public...')
#5 {main}
